#
# A fatal error has been detected by the Java Runtime Environment:
#
#  EXCEPTION_ACCESS_VIOLATION (0xc0000005) at pc=0x00007ffdd5f7de40, pid=6808, tid=10108
#
# JRE version: OpenJDK Runtime Environment Temurin-17.0.7+7 (17.0.7+7) (build 17.0.7+7)
# Java VM: OpenJDK 64-Bit Server VM Temurin-17.0.7+7 (17.0.7+7, mixed mode, tiered, compressed oops, compressed class ptrs, parallel gc, windows-amd64)
# Problematic frame:
# V  [jvm.dll+0x2ade40]
#
# No core dump will be written. Minidumps are not enabled by default on client versions of Windows
#
# If you would like to submit a bug report, please visit:
#   https://github.com/adoptium/adoptium-support/issues
#

---------------  S U M M A R Y ------------

Command Line: --add-modules=ALL-SYSTEM --add-opens=java.base/java.util=ALL-UNNAMED --add-opens=java.base/java.lang=ALL-UNNAMED --add-opens=java.base/sun.nio.fs=ALL-UNNAMED -Declipse.application=org.eclipse.jdt.ls.core.id1 -Dosgi.bundles.defaultStartLevel=4 -Declipse.product=org.eclipse.jdt.ls.core.product -Djava.import.generatesMetadataFilesAtProjectRoot=false -Dfile.encoding=utf8 -XX:+UseParallelGC -XX:GCTimeRatio=4 -XX:AdaptiveSizePolicyWeight=90 -Dsun.zip.disableMemoryMapping=true -Xmx1G -Xms100m -Xlog:disable -javaagent:c:\Users\luizh\.vscode\extensions\redhat.java-1.18.0-win32-x64\lombok\lombok-1.18.27.jar -XX:+HeapDumpOnOutOfMemoryError -XX:HeapDumpPath=c:\Users\luizh\AppData\Roaming\Code\User\workspaceStorage\afa5d3aafe679fbd6b7bf107e34e3107\redhat.java -Daether.dependencyCollector.impl=bf c:\Users\luizh\.vscode\extensions\redhat.java-1.18.0-win32-x64\server\plugins\org.eclipse.equinox.launcher_1.6.400.v20210924-0641.jar -configuration c:\Users\luizh\AppData\Roaming\Code\User\globalStorage\redhat.java\1.18.0\config_win -data c:\Users\luizh\AppData\Roaming\Code\User\workspaceStorage\afa5d3aafe679fbd6b7bf107e34e3107\redhat.java\jdt_ws

Host: Intel(R) Core(TM) i5-6500 CPU @ 3.20GHz, 4 cores, 7G,  Windows 10 , 64 bit Build 19041 (10.0.19041.2913)
Time: Wed May 31 15:42:33 2023 Hora oficial do Brasil elapsed time: 54.046736 seconds (0d 0h 0m 54s)

---------------  T H R E A D  ---------------

Current thread (0x0000011ab2dc8d30):  JavaThread "C2 CompilerThread1" daemon [_thread_in_native, id=10108, stack(0x00000009bf600000,0x00000009bf700000)]


Current CompileTask:
C2:  54046 6771       4       org.eclipse.jdt.internal.compiler.lookup.BinaryTypeBinding::createMethod (1719 bytes)

Stack: [0x00000009bf600000,0x00000009bf700000],  sp=0x00000009bf6fa3c0,  free space=1000k
Native frames: (J=compiled Java code, j=interpreted, Vv=VM code, C=native code)
V  [jvm.dll+0x2ade40]
V  [jvm.dll+0x580067]
V  [jvm.dll+0x221e72]
V  [jvm.dll+0x22224f]
V  [jvm.dll+0x21b4a5]
V  [jvm.dll+0x21895b]
V  [jvm.dll+0x1a4d8d]
V  [jvm.dll+0x2284da]
V  [jvm.dll+0x226615]
V  [jvm.dll+0x7ea90b]
V  [jvm.dll+0x7e4e7a]
V  [jvm.dll+0x676395]
C  [ucrtbase.dll+0x21bb2]
C  [KERNEL32.DLL+0x17614]
C  [ntdll.dll+0x526a1]


siginfo: EXCEPTION_ACCESS_VIOLATION (0xc0000005), reading address 0xffffffffffffffff


Register to memory mapping:

RIP=0x00007ffdd5f7de40 jvm.dll
RAX=0x0000011ab539b720 points into unknown readable memory: 0x0000011ab703a470 | 70 a4 03 b7 1a 01 00 00
RBX=0x0000011ab53b12f0 points into unknown readable memory: 0x0000011ab57bee40 | 40 ee 7b b5 1a 01 00 00
RCX=0x0000011ab539b770 points into unknown readable memory: 0x0000011ab63ad078 | 78 d0 3a b6 1a 01 00 00
RDX=0x0000011ab539b720 points into unknown readable memory: 0x0000011ab703a470 | 70 a4 03 b7 1a 01 00 00
RSP=0x00000009bf6fa3c0 is pointing into the stack for thread: 0x0000011ab2dc8d30
RBP=0x0000011ab5386050 points into unknown readable memory: 0x0000000000000000 | 00 00 00 00 00 00 00 00
RSI=0x00000009bf6fa800 is pointing into the stack for thread: 0x0000011ab2dc8d30
RDI=0x0000000000000005 is an unknown value
R8 =0x04000000769d1a82 is an unknown value
R9 =0x0000011ab539f690 points into unknown readable memory: 0x0000011ab5c3fec8 | c8 fe c3 b5 1a 01 00 00
R10=0x000000000000044b is an unknown value
R11=0x0000011ab539b6d0 points into unknown readable memory: 0x0000011ab57bf380 | 80 f3 7b b5 1a 01 00 00
R12=0x0000011ab539b720 points into unknown readable memory: 0x0000011ab703a470 | 70 a4 03 b7 1a 01 00 00
R13=0x0 is NULL
R14=0x0000011ab5fc79a0 points into unknown readable memory: 0xffffffff00000001 | 01 00 00 00 ff ff ff ff
R15=0x0000011ab703a470 points into unknown readable memory: 0x00007ffdd65e66a0 | a0 66 5e d6 fd 7f 00 00


Registers:
RAX=0x0000011ab539b720, RBX=0x0000011ab53b12f0, RCX=0x0000011ab539b770, RDX=0x0000011ab539b720
RSP=0x00000009bf6fa3c0, RBP=0x0000011ab5386050, RSI=0x00000009bf6fa800, RDI=0x0000000000000005
R8 =0x04000000769d1a82, R9 =0x0000011ab539f690, R10=0x000000000000044b, R11=0x0000011ab539b6d0
R12=0x0000011ab539b720, R13=0x0000000000000000, R14=0x0000011ab5fc79a0, R15=0x0000011ab703a470
RIP=0x00007ffdd5f7de40, EFLAGS=0x0000000000010202

Top of Stack: (sp=0x00000009bf6fa3c0)
0x00000009bf6fa3c0:   0000011ab5386050 00000009bf6fa410
0x00000009bf6fa3d0:   00000009bf6fa800 0000011ab5fc79a0
0x00000009bf6fa3e0:   0000011ab5fc79a0 0000011ab2a881d0
0x00000009bf6fa3f0:   0000011ab60d6050 000000000023c990
0x00000009bf6fa400:   0000011ab60e7830 0000011ab60e7830
0x00000009bf6fa410:   0000000000000400 0000011ab7681fa0
0x00000009bf6fa420:   0000000000000400 0000011ab2a881d0
0x00000009bf6fa430:   0000000020353c13 0000000000000000
0x00000009bf6fa440:   0000000000000000 000000000014ab00
0x00000009bf6fa450:   0000011a992a4550 0000000000000000
0x00000009bf6fa460:   0000011ab5d7e5f0 00000009bf6fa580
0x00000009bf6fa470:   00000009bf6fa800 00007ffdd6250067
0x00000009bf6fa480:   00000009bf6fa800 00000009000012bf
0x00000009bf6fa490:   0000011ab5386050 0000000000000448
0x00000009bf6fa4a0:   0000000000000000 0000000000000000
0x00000009bf6fa4b0:   0000000000040020 0000000000040010 

Instructions: (pc=0x00007ffdd5f7de40)
0x00007ffdd5f7dd40:   18 8b 42 08 39 41 08 73 07 48 89 4b 18 48 8b d1
0x00007ffdd5f7dd50:   49 8b 48 20 48 89 4b 20 eb 04 48 8b 53 18 48 8b
0x00007ffdd5f7dd60:   49 18 8b 42 08 39 41 08 48 0f 43 ca 8b 41 08 41
0x00007ffdd5f7dd70:   3b 44 24 08 73 05 41 89 44 24 08 ff c7 41 3b 7f
0x00007ffdd5f7dd80:   18 0f 82 4b ff ff ff 41 8b 44 24 08 4d 8b c4 48
0x00007ffdd5f7dd90:   8d 0c 80 48 03 c9 48 8b 44 cd 38 49 89 44 24 38
0x00007ffdd5f7dda0:   4c 89 64 cd 38 49 8b 44 24 28 49 8b 54 24 18 4d
0x00007ffdd5f7ddb0:   8b 5c 24 10 48 8b 48 18 8b 41 08 39 42 08 73 52
0x00007ffdd5f7ddc0:   4d 8b 48 28 45 8b 50 0c 49 8b 41 28 8b 50 0c 41
0x00007ffdd5f7ddd0:   8b 41 0c 41 03 d2 03 c0 3b d0 72 12 4d 89 41 20
0x00007ffdd5f7dde0:   49 8b 40 28 48 8b 48 28 49 89 48 28 eb 0f 45 89
0x00007ffdd5f7ddf0:   51 0c 49 8b 40 28 49 89 40 20 4c 8b c0 49 8b 40
0x00007ffdd5f7de00:   28 49 8b 54 24 18 48 8b 48 18 8b 41 08 39 42 08
0x00007ffdd5f7de10:   72 ae 49 89 50 18 41 8b 44 24 0c 41 01 43 0c 41
0x00007ffdd5f7de20:   8b 44 24 0c 03 c0 41 39 43 0c 73 0b 49 8b c0 4d
0x00007ffdd5f7de30:   8b 43 28 49 89 43 28 4c 3b c5 74 11 0f 1f 40 00
0x00007ffdd5f7de40:   4d 89 58 20 4d 8b 40 28 4c 3b c5 75 f3 49 8b 44
0x00007ffdd5f7de50:   24 10 48 8b 58 38 48 85 db 74 71 0f 1f 44 00 00
0x00007ffdd5f7de60:   48 8b 4b 20 48 85 c9 75 06 48 8b 4b 18 eb 43 48
0x00007ffdd5f7de70:   83 79 20 00 74 2a e8 e5 f9 ff ff 4c 8b 43 20 48
0x00007ffdd5f7de80:   8b 53 18 49 8b 48 18 8b 42 08 39 41 08 73 07 48
0x00007ffdd5f7de90:   89 4b 18 48 8b d1 49 8b 48 20 48 89 4b 20 eb 04
0x00007ffdd5f7dea0:   48 8b 53 18 48 8b 49 18 8b 42 08 39 41 08 48 0f
0x00007ffdd5f7deb0:   43 ca 8b 43 08 39 41 08 72 05 49 8b 4c 24 10 48
0x00007ffdd5f7dec0:   89 4b 30 48 8b 5b 38 48 85 db 75 94 80 be b0 09
0x00007ffdd5f7ded0:   00 00 00 0f 85 32 01 00 00 41 8b 47 2c 24 3f 3c
0x00007ffdd5f7dee0:   20 0f 85 24 01 00 00 bd 01 00 00 00 41 39 6f 18
0x00007ffdd5f7def0:   0f 86 0d 01 00 00 66 66 0f 1f 84 00 00 00 00 00
0x00007ffdd5f7df00:   49 8b 47 08 8b cd 48 8b 1c c8 48 85 db 75 24 4c
0x00007ffdd5f7df10:   8d 0d 82 ef 69 00 ba ab 03 00 00 4c 8d 05 86 ef
0x00007ffdd5f7df20:   69 00 48 8d 0d 77 fd 68 00 e8 e2 88 f9 ff e8 2d
0x00007ffdd5f7df30:   91 3c 00 8b 43 28 3b 46 28 73 11 8b c8 48 8b 46 


Stack slot to memory mapping:
stack at sp + 0 slots: 0x0000011ab5386050 points into unknown readable memory: 0x0000000000000000 | 00 00 00 00 00 00 00 00
stack at sp + 1 slots: 0x00000009bf6fa410 is pointing into the stack for thread: 0x0000011ab2dc8d30
stack at sp + 2 slots: 0x00000009bf6fa800 is pointing into the stack for thread: 0x0000011ab2dc8d30
stack at sp + 3 slots: 0x0000011ab5fc79a0 points into unknown readable memory: 0xffffffff00000001 | 01 00 00 00 ff ff ff ff
stack at sp + 4 slots: 0x0000011ab5fc79a0 points into unknown readable memory: 0xffffffff00000001 | 01 00 00 00 ff ff ff ff
stack at sp + 5 slots: 0x0000011ab2a881d0 points into unknown readable memory: 0x0000000000000006 | 06 00 00 00 00 00 00 00
stack at sp + 6 slots: 0x0000011ab60d6050 points into unknown readable memory: 0x0000011ab5386040 | 40 60 38 b5 1a 01 00 00
stack at sp + 7 slots: 0x000000000023c990 is an unknown value


---------------  P R O C E S S  ---------------

Threads class SMR info:
_java_thread_list=0x0000011ab4a7ac80, length=30, elements={
0x0000011a9928c700, 0x0000011aad0b0740, 0x0000011aad0b3b70, 0x0000011aad0db570,
0x0000011aad0dc2f0, 0x0000011aad0def80, 0x0000011aad0e0850, 0x0000011aad0e1440,
0x0000011aad11e930, 0x0000011ab2366b70, 0x0000011aacfa12c0, 0x0000011ab25e03d0,
0x0000011ab2c47b70, 0x0000011ab2dc2680, 0x0000011ab2dc2b50, 0x0000011ab2d97fd0,
0x0000011ab33b3470, 0x0000011ab3355f00, 0x0000011ab3600c60, 0x0000011ab3601130,
0x0000011ab3601600, 0x0000011ab3600790, 0x0000011ab3601ad0, 0x0000011ab3601fa0,
0x0000011ab35ff920, 0x0000011ab35fef80, 0x0000011ab3b343b0, 0x0000011ab3b36a30,
0x0000011ab2dc8d30, 0x0000011ab3b36090
}

Java Threads: ( => current thread )
  0x0000011a9928c700 JavaThread "main" [_thread_blocked, id=7472, stack(0x00000009bd200000,0x00000009bd300000)]
  0x0000011aad0b0740 JavaThread "Reference Handler" daemon [_thread_blocked, id=6408, stack(0x00000009bd500000,0x00000009bd600000)]
  0x0000011aad0b3b70 JavaThread "Finalizer" daemon [_thread_blocked, id=980, stack(0x00000009bd600000,0x00000009bd700000)]
  0x0000011aad0db570 JavaThread "Signal Dispatcher" daemon [_thread_blocked, id=10056, stack(0x00000009bd700000,0x00000009bd800000)]
  0x0000011aad0dc2f0 JavaThread "Attach Listener" daemon [_thread_blocked, id=4092, stack(0x00000009bd800000,0x00000009bd900000)]
  0x0000011aad0def80 JavaThread "Service Thread" daemon [_thread_blocked, id=4156, stack(0x00000009bd900000,0x00000009bda00000)]
  0x0000011aad0e0850 JavaThread "Monitor Deflation Thread" daemon [_thread_blocked, id=7852, stack(0x00000009bda00000,0x00000009bdb00000)]
  0x0000011aad0e1440 JavaThread "C2 CompilerThread0" daemon [_thread_blocked, id=9760, stack(0x00000009bdb00000,0x00000009bdc00000)]
  0x0000011aad11e930 JavaThread "C1 CompilerThread0" daemon [_thread_blocked, id=1248, stack(0x00000009bdc00000,0x00000009bdd00000)]
  0x0000011ab2366b70 JavaThread "Sweeper thread" daemon [_thread_blocked, id=7452, stack(0x00000009bdd00000,0x00000009bde00000)]
  0x0000011aacfa12c0 JavaThread "Common-Cleaner" daemon [_thread_blocked, id=5160, stack(0x00000009bde00000,0x00000009bdf00000)]
  0x0000011ab25e03d0 JavaThread "Notification Thread" daemon [_thread_blocked, id=8992, stack(0x00000009bdf00000,0x00000009be000000)]
  0x0000011ab2c47b70 JavaThread "Active Thread: Equinox Container: bbe7d1d9-c3f6-46ae-9e64-35162b322d3b" [_thread_blocked, id=2076, stack(0x00000009be500000,0x00000009be600000)]
  0x0000011ab2dc2680 JavaThread "Framework Event Dispatcher: Equinox Container: bbe7d1d9-c3f6-46ae-9e64-35162b322d3b" daemon [_thread_blocked, id=2932, stack(0x00000009be600000,0x00000009be700000)]
  0x0000011ab2dc2b50 JavaThread "Start Level: Equinox Container: bbe7d1d9-c3f6-46ae-9e64-35162b322d3b" daemon [_thread_blocked, id=7328, stack(0x00000009be700000,0x00000009be800000)]
  0x0000011ab2d97fd0 JavaThread "SCR Component Actor" daemon [_thread_blocked, id=11208, stack(0x00000009be800000,0x00000009be900000)]
  0x0000011ab33b3470 JavaThread "Worker-JM" [_thread_blocked, id=7800, stack(0x00000009bea00000,0x00000009beb00000)]
  0x0000011ab3355f00 JavaThread "Worker-0" [_thread_blocked, id=2740, stack(0x00000009beb00000,0x00000009bec00000)]
  0x0000011ab3600c60 JavaThread "Worker-1" [_thread_blocked, id=8112, stack(0x00000009bec00000,0x00000009bed00000)]
  0x0000011ab3601130 JavaThread "Java indexing" daemon [_thread_blocked, id=4552, stack(0x00000009bed00000,0x00000009bee00000)]
  0x0000011ab3601600 JavaThread "Worker-2" [_thread_blocked, id=1960, stack(0x00000009bee00000,0x00000009bef00000)]
  0x0000011ab3600790 JavaThread "Worker-3" [_thread_blocked, id=7724, stack(0x00000009bef00000,0x00000009bf000000)]
  0x0000011ab3601ad0 JavaThread "JNA Cleaner" daemon [_thread_blocked, id=7392, stack(0x00000009bf000000,0x00000009bf100000)]
  0x0000011ab3601fa0 JavaThread "pool-2-thread-1" [_thread_blocked, id=6096, stack(0x00000009bf100000,0x00000009bf200000)]
  0x0000011ab35ff920 JavaThread "pool-1-thread-1" [_thread_in_native, id=10676, stack(0x00000009bf200000,0x00000009bf300000)]
  0x0000011ab35fef80 JavaThread "ForkJoinPool.commonPool-worker-1" daemon [_thread_blocked, id=9204, stack(0x00000009be900000,0x00000009bea00000)]
  0x0000011ab3b343b0 JavaThread "ForkJoinPool.commonPool-worker-2" daemon [_thread_blocked, id=7760, stack(0x00000009bf300000,0x00000009bf400000)]
  0x0000011ab3b36a30 JavaThread "ForkJoinPool.commonPool-worker-3" daemon [_thread_blocked, id=8564, stack(0x00000009bf400000,0x00000009bf500000)]
=>0x0000011ab2dc8d30 JavaThread "C2 CompilerThread1" daemon [_thread_in_native, id=10108, stack(0x00000009bf600000,0x00000009bf700000)]
  0x0000011ab3b36090 JavaThread "Bundle File Closer" daemon [_thread_blocked, id=8480, stack(0x00000009bf700000,0x00000009bf800000)]

Other Threads:
  0x0000011aad099a50 VMThread "VM Thread" [stack: 0x00000009bd400000,0x00000009bd500000] [id=2560]
  0x0000011ab25e08a0 WatcherThread [stack: 0x00000009be000000,0x00000009be100000] [id=11240]
  0x0000011a992a48d0 GCTaskThread "GC Thread#0" [stack: 0x00000009bd300000,0x00000009bd400000] [id=6648]
  0x0000011ab2c24290 GCTaskThread "GC Thread#1" [stack: 0x00000009be200000,0x00000009be300000] [id=3484]
  0x0000011ab2b2c060 GCTaskThread "GC Thread#2" [stack: 0x00000009be300000,0x00000009be400000] [id=4984]
  0x0000011ab2c24950 GCTaskThread "GC Thread#3" [stack: 0x00000009be400000,0x00000009be500000] [id=2476]

Threads with active compile tasks:
C2 CompilerThread1    54176 6771       4       org.eclipse.jdt.internal.compiler.lookup.BinaryTypeBinding::createMethod (1719 bytes)

VM state: not at safepoint (normal execution)

VM Mutex/Monitor currently owned by a thread: None

Heap address: 0x00000000c0000000, size: 1024 MB, Compressed Oops mode: 32-bit

CDS archive(s) not mapped
Compressed class space mapped at: 0x0000000100000000-0x0000000140000000, reserved size: 1073741824
Narrow klass base: 0x0000000000000000, Narrow klass shift: 3, Narrow klass range: 0x140000000

GC Precious Log:
 CPUs: 4 total, 4 available
 Memory: 8150M
 Large Page Support: Disabled
 NUMA Support: Disabled
 Compressed Oops: Enabled (32-bit)
 Alignments: Space 512K, Generation 512K, Heap 2M
 Heap Min Capacity: 100M
 Heap Initial Capacity: 100M
 Heap Max Capacity: 1G
 Pre-touch: Disabled
 Parallel Workers: 4

Heap:
 PSYoungGen      total 19968K, used 17250K [0x00000000eab00000, 0x00000000ec700000, 0x0000000100000000)
  eden space 17408K, 84% used [0x00000000eab00000,0x00000000eb9607c0,0x00000000ebc00000)
  from space 2560K, 98% used [0x00000000ec080000,0x00000000ec2f8148,0x00000000ec300000)
  to   space 4608K, 0% used [0x00000000ebc00000,0x00000000ebc00000,0x00000000ec080000)
 ParOldGen       total 68608K, used 35735K [0x00000000c0000000, 0x00000000c4300000, 0x00000000eab00000)
  object space 68608K, 52% used [0x00000000c0000000,0x00000000c22e5fc8,0x00000000c4300000)
 Metaspace       used 63335K, committed 64320K, reserved 1114112K
  class space    used 6760K, committed 7168K, reserved 1048576K

Card table byte_map: [0x0000011a98c40000,0x0000011a98e50000] _byte_map_base: 0x0000011a98640000

Marking Bits: (ParMarkBitMap*) 0x00007ffdd68552c0
 Begin Bits: [0x0000011aaaf20000, 0x0000011aabf20000)
 End Bits:   [0x0000011aabf20000, 0x0000011aacf20000)

Polling page: 0x0000011a97120000

Metaspace:

Usage:
  Non-class:     55.25 MB used.
      Class:      6.60 MB used.
       Both:     61.85 MB used.

Virtual space:
  Non-class space:       64.00 MB reserved,      55.81 MB ( 87%) committed,  1 nodes.
      Class space:        1.00 GB reserved,       7.00 MB ( <1%) committed,  1 nodes.
             Both:        1.06 GB reserved,      62.81 MB (  6%) committed. 

Chunk freelists:
   Non-Class:  7.89 MB
       Class:  9.04 MB
        Both:  16.93 MB

MaxMetaspaceSize: unlimited
CompressedClassSpaceSize: 1.00 GB
Initial GC threshold: 21.00 MB
Current GC threshold: 97.31 MB
CDS: off
MetaspaceReclaimPolicy: balanced
 - commit_granule_bytes: 65536.
 - commit_granule_words: 8192.
 - virtual_space_node_default_size: 8388608.
 - enlarge_chunks_in_place: 1.
 - new_chunks_are_fully_committed: 0.
 - uncommit_free_chunks: 1.
 - use_allocation_guard: 0.
 - handle_deallocations: 1.


Internal statistics:

num_allocs_failed_limit: 11.
num_arena_births: 426.
num_arena_deaths: 14.
num_vsnodes_births: 2.
num_vsnodes_deaths: 0.
num_space_committed: 1005.
num_space_uncommitted: 0.
num_chunks_returned_to_freelist: 25.
num_chunks_taken_from_freelist: 2871.
num_chunk_merges: 10.
num_chunk_splits: 1852.
num_chunks_enlarged: 1135.
num_inconsistent_stats: 0.

CodeHeap 'non-profiled nmethods': size=120000Kb used=3135Kb max_used=3584Kb free=116864Kb
 bounds [0x0000011aa39f0000, 0x0000011aa3d90000, 0x0000011aaaf20000]
CodeHeap 'profiled nmethods': size=120000Kb used=12294Kb max_used=14283Kb free=107705Kb
 bounds [0x0000011a9bf20000, 0x0000011a9cd20000, 0x0000011aa3450000]
CodeHeap 'non-nmethods': size=5760Kb used=1334Kb max_used=1423Kb free=4426Kb
 bounds [0x0000011aa3450000, 0x0000011aa36c0000, 0x0000011aa39f0000]
 total_blobs=6461 nmethods=5785 adapters=590
 compilation: enabled
              stopped_count=0, restarted_count=0
 full_count=0

Compilation events (20 events):
Event: 54.023 Thread 0x0000011aad11e930 nmethod 6897 0x0000011a9bf43010 code [0x0000011a9bf431e0, 0x0000011a9bf43638]
Event: 54.023 Thread 0x0000011aad0e1440 6745       4       org.objectweb.asm.Label::addLineNumber (89 bytes)
Event: 54.023 Thread 0x0000011aad11e930 6898       3       org.eclipse.jdt.internal.core.SourceMapper::setSourceRange (22 bytes)
Event: 54.023 Thread 0x0000011aad11e930 nmethod 6898 0x0000011a9c062510 code [0x0000011a9c0626c0, 0x0000011a9c062b88]
Event: 54.023 Thread 0x0000011aad11e930 6899       3       org.eclipse.jdt.internal.core.SourceMapper::enterAbstractMethod (655 bytes)
Event: 54.023 Thread 0x0000011aad0e1440 nmethod 6745 0x0000011aa3ac1d90 code [0x0000011aa3ac1f00, 0x0000011aa3ac1f98]
Event: 54.023 Thread 0x0000011aad0e1440 6719       4       java.lang.reflect.AccessibleObject::verifyAccess (55 bytes)
Event: 54.027 Thread 0x0000011aad11e930 nmethod 6899 0x0000011a9ccafa10 code [0x0000011a9ccaffe0, 0x0000011a9ccb3808]
Event: 54.027 Thread 0x0000011aad11e930 6900       3       org.eclipse.jdt.internal.core.SourceMapper::exitAbstractMethod (109 bytes)
Event: 54.028 Thread 0x0000011aad11e930 nmethod 6900 0x0000011a9c41e510 code [0x0000011a9c41e720, 0x0000011a9c41ed98]
Event: 54.028 Thread 0x0000011aad11e930 6901       3       org.eclipse.jdt.internal.core.SourceMapper::setMethodParameterNames (19 bytes)
Event: 54.028 Thread 0x0000011aad11e930 nmethod 6901 0x0000011a9bfb4310 code [0x0000011a9bfb44c0, 0x0000011a9bfb46c8]
Event: 54.029 Thread 0x0000011aad11e930 6902       3       org.eclipse.jdt.internal.compiler.lookup.SourceTypeBinding::kind (31 bytes)
Event: 54.029 Thread 0x0000011aad11e930 nmethod 6902 0x0000011a9c045f90 code [0x0000011a9c046160, 0x0000011a9c0467c8]
Event: 54.034 Thread 0x0000011aad11e930 6903       3       sun.reflect.annotation.AnnotationParser::parseSig (62 bytes)
Event: 54.034 Thread 0x0000011aad11e930 nmethod 6903 0x0000011a9c12b890 code [0x0000011a9c12bb60, 0x0000011a9c12cb38]
Event: 54.035 Thread 0x0000011aad11e930 6904       3       sun.reflect.annotation.AnnotationParser::toClass (32 bytes)
Event: 54.035 Thread 0x0000011aad11e930 nmethod 6904 0x0000011a9c0b1d90 code [0x0000011a9c0b1fe0, 0x0000011a9c0b2ac8]
Event: 54.037 Thread 0x0000011aad11e930 6905       3       java.io.BufferedOutputStream::flushBuffer (29 bytes)
Event: 54.037 Thread 0x0000011aad11e930 nmethod 6905 0x0000011a9bfda910 code [0x0000011a9bfdaac0, 0x0000011a9bfdace8]

GC Heap History (20 events):
Event: 7.139 GC heap before
{Heap before GC invocations=22 (full 2):
 PSYoungGen      total 21504K, used 21344K [0x00000000eab00000, 0x00000000ec200000, 0x0000000100000000)
  eden space 19456K, 100% used [0x00000000eab00000,0x00000000ebe00000,0x00000000ebe00000)
  from space 2048K, 92% used [0x00000000ebe00000,0x00000000ebfd8010,0x00000000ec000000)
  to   space 2048K, 0% used [0x00000000ec000000,0x00000000ec000000,0x00000000ec200000)
 ParOldGen       total 68608K, used 26892K [0x00000000c0000000, 0x00000000c4300000, 0x00000000eab00000)
  object space 68608K, 39% used [0x00000000c0000000,0x00000000c1a43310,0x00000000c4300000)
 Metaspace       used 49261K, committed 50112K, reserved 1114112K
  class space    used 5337K, committed 5696K, reserved 1048576K
}
Event: 7.142 GC heap after
{Heap after GC invocations=22 (full 2):
 PSYoungGen      total 21504K, used 1809K [0x00000000eab00000, 0x00000000ec200000, 0x0000000100000000)
  eden space 19456K, 0% used [0x00000000eab00000,0x00000000eab00000,0x00000000ebe00000)
  from space 2048K, 88% used [0x00000000ec000000,0x00000000ec1c46a0,0x00000000ec200000)
  to   space 2048K, 0% used [0x00000000ebe00000,0x00000000ebe00000,0x00000000ec000000)
 ParOldGen       total 68608K, used 28730K [0x00000000c0000000, 0x00000000c4300000, 0x00000000eab00000)
  object space 68608K, 41% used [0x00000000c0000000,0x00000000c1c0eba0,0x00000000c4300000)
 Metaspace       used 49261K, committed 50112K, reserved 1114112K
  class space    used 5337K, committed 5696K, reserved 1048576K
}
Event: 7.637 GC heap before
{Heap before GC invocations=23 (full 2):
 PSYoungGen      total 21504K, used 21265K [0x00000000eab00000, 0x00000000ec200000, 0x0000000100000000)
  eden space 19456K, 100% used [0x00000000eab00000,0x00000000ebe00000,0x00000000ebe00000)
  from space 2048K, 88% used [0x00000000ec000000,0x00000000ec1c46a0,0x00000000ec200000)
  to   space 2048K, 0% used [0x00000000ebe00000,0x00000000ebe00000,0x00000000ec000000)
 ParOldGen       total 68608K, used 28730K [0x00000000c0000000, 0x00000000c4300000, 0x00000000eab00000)
  object space 68608K, 41% used [0x00000000c0000000,0x00000000c1c0eba0,0x00000000c4300000)
 Metaspace       used 50923K, committed 51776K, reserved 1114112K
  class space    used 5565K, committed 5952K, reserved 1048576K
}
Event: 7.639 GC heap after
{Heap after GC invocations=23 (full 2):
 PSYoungGen      total 20480K, used 696K [0x00000000eab00000, 0x00000000ec100000, 0x0000000100000000)
  eden space 19456K, 0% used [0x00000000eab00000,0x00000000eab00000,0x00000000ebe00000)
  from space 1024K, 67% used [0x00000000ebe00000,0x00000000ebeae098,0x00000000ebf00000)
  to   space 1536K, 0% used [0x00000000ebf80000,0x00000000ebf80000,0x00000000ec100000)
 ParOldGen       total 68608K, used 30471K [0x00000000c0000000, 0x00000000c4300000, 0x00000000eab00000)
  object space 68608K, 44% used [0x00000000c0000000,0x00000000c1dc1dc8,0x00000000c4300000)
 Metaspace       used 50923K, committed 51776K, reserved 1114112K
  class space    used 5565K, committed 5952K, reserved 1048576K
}
Event: 7.979 GC heap before
{Heap before GC invocations=24 (full 2):
 PSYoungGen      total 20480K, used 20152K [0x00000000eab00000, 0x00000000ec100000, 0x0000000100000000)
  eden space 19456K, 100% used [0x00000000eab00000,0x00000000ebe00000,0x00000000ebe00000)
  from space 1024K, 67% used [0x00000000ebe00000,0x00000000ebeae098,0x00000000ebf00000)
  to   space 1536K, 0% used [0x00000000ebf80000,0x00000000ebf80000,0x00000000ec100000)
 ParOldGen       total 68608K, used 30471K [0x00000000c0000000, 0x00000000c4300000, 0x00000000eab00000)
  object space 68608K, 44% used [0x00000000c0000000,0x00000000c1dc1dc8,0x00000000c4300000)
 Metaspace       used 52341K, committed 53248K, reserved 1114112K
  class space    used 5682K, committed 6080K, reserved 1048576K
}
Event: 7.981 GC heap after
{Heap after GC invocations=24 (full 2):
 PSYoungGen      total 20992K, used 1196K [0x00000000eab00000, 0x00000000ec100000, 0x0000000100000000)
  eden space 19456K, 0% used [0x00000000eab00000,0x00000000eab00000,0x00000000ebe00000)
  from space 1536K, 77% used [0x00000000ebf80000,0x00000000ec0ab190,0x00000000ec100000)
  to   space 1536K, 0% used [0x00000000ebe00000,0x00000000ebe00000,0x00000000ebf80000)
 ParOldGen       total 68608K, used 31066K [0x00000000c0000000, 0x00000000c4300000, 0x00000000eab00000)
  object space 68608K, 45% used [0x00000000c0000000,0x00000000c1e56958,0x00000000c4300000)
 Metaspace       used 52341K, committed 53248K, reserved 1114112K
  class space    used 5682K, committed 6080K, reserved 1048576K
}
Event: 8.065 GC heap before
{Heap before GC invocations=25 (full 2):
 PSYoungGen      total 20992K, used 20652K [0x00000000eab00000, 0x00000000ec100000, 0x0000000100000000)
  eden space 19456K, 100% used [0x00000000eab00000,0x00000000ebe00000,0x00000000ebe00000)
  from space 1536K, 77% used [0x00000000ebf80000,0x00000000ec0ab190,0x00000000ec100000)
  to   space 1536K, 0% used [0x00000000ebe00000,0x00000000ebe00000,0x00000000ebf80000)
 ParOldGen       total 68608K, used 31066K [0x00000000c0000000, 0x00000000c4300000, 0x00000000eab00000)
  object space 68608K, 45% used [0x00000000c0000000,0x00000000c1e56958,0x00000000c4300000)
 Metaspace       used 52367K, committed 53248K, reserved 1114112K
  class space    used 5682K, committed 6080K, reserved 1048576K
}
Event: 8.066 GC heap after
{Heap after GC invocations=25 (full 2):
 PSYoungGen      total 20480K, used 527K [0x00000000eab00000, 0x00000000ec000000, 0x0000000100000000)
  eden space 19456K, 0% used [0x00000000eab00000,0x00000000eab00000,0x00000000ebe00000)
  from space 1024K, 51% used [0x00000000ebe00000,0x00000000ebe83da8,0x00000000ebf00000)
  to   space 1024K, 0% used [0x00000000ebf00000,0x00000000ebf00000,0x00000000ec000000)
 ParOldGen       total 68608K, used 31644K [0x00000000c0000000, 0x00000000c4300000, 0x00000000eab00000)
  object space 68608K, 46% used [0x00000000c0000000,0x00000000c1ee7258,0x00000000c4300000)
 Metaspace       used 52367K, committed 53248K, reserved 1114112K
  class space    used 5682K, committed 6080K, reserved 1048576K
}
Event: 8.450 GC heap before
{Heap before GC invocations=26 (full 2):
 PSYoungGen      total 20480K, used 19973K [0x00000000eab00000, 0x00000000ec000000, 0x0000000100000000)
  eden space 19456K, 99% used [0x00000000eab00000,0x00000000ebdfd808,0x00000000ebe00000)
  from space 1024K, 51% used [0x00000000ebe00000,0x00000000ebe83da8,0x00000000ebf00000)
  to   space 1024K, 0% used [0x00000000ebf00000,0x00000000ebf00000,0x00000000ec000000)
 ParOldGen       total 68608K, used 31644K [0x00000000c0000000, 0x00000000c4300000, 0x00000000eab00000)
  object space 68608K, 46% used [0x00000000c0000000,0x00000000c1ee7258,0x00000000c4300000)
 Metaspace       used 54440K, committed 55360K, reserved 1114112K
  class space    used 5865K, committed 6272K, reserved 1048576K
}
Event: 8.453 GC heap after
{Heap after GC invocations=26 (full 2):
 PSYoungGen      total 20480K, used 460K [0x00000000eab00000, 0x00000000ec000000, 0x0000000100000000)
  eden space 19456K, 0% used [0x00000000eab00000,0x00000000eab00000,0x00000000ebe00000)
  from space 1024K, 44% used [0x00000000ebf00000,0x00000000ebf73310,0x00000000ec000000)
  to   space 1024K, 0% used [0x00000000ebe00000,0x00000000ebe00000,0x00000000ebf00000)
 ParOldGen       total 68608K, used 31668K [0x00000000c0000000, 0x00000000c4300000, 0x00000000eab00000)
  object space 68608K, 46% used [0x00000000c0000000,0x00000000c1eed258,0x00000000c4300000)
 Metaspace       used 54440K, committed 55360K, reserved 1114112K
  class space    used 5865K, committed 6272K, reserved 1048576K
}
Event: 8.990 GC heap before
{Heap before GC invocations=27 (full 2):
 PSYoungGen      total 20480K, used 19916K [0x00000000eab00000, 0x00000000ec000000, 0x0000000100000000)
  eden space 19456K, 99% used [0x00000000eab00000,0x00000000ebdfffe8,0x00000000ebe00000)
  from space 1024K, 44% used [0x00000000ebf00000,0x00000000ebf73310,0x00000000ec000000)
  to   space 1024K, 0% used [0x00000000ebe00000,0x00000000ebe00000,0x00000000ebf00000)
 ParOldGen       total 68608K, used 31668K [0x00000000c0000000, 0x00000000c4300000, 0x00000000eab00000)
  object space 68608K, 46% used [0x00000000c0000000,0x00000000c1eed258,0x00000000c4300000)
 Metaspace       used 57350K, committed 58304K, reserved 1114112K
  class space    used 6185K, committed 6592K, reserved 1048576K
}
Event: 8.992 GC heap after
{Heap after GC invocations=27 (full 2):
 PSYoungGen      total 20480K, used 1011K [0x00000000eab00000, 0x00000000ec200000, 0x0000000100000000)
  eden space 19456K, 0% used [0x00000000eab00000,0x00000000eab00000,0x00000000ebe00000)
  from space 1024K, 98% used [0x00000000ebe00000,0x00000000ebefcfc0,0x00000000ebf00000)
  to   space 2048K, 0% used [0x00000000ec000000,0x00000000ec000000,0x00000000ec200000)
 ParOldGen       total 68608K, used 32166K [0x00000000c0000000, 0x00000000c4300000, 0x00000000eab00000)
  object space 68608K, 46% used [0x00000000c0000000,0x00000000c1f69878,0x00000000c4300000)
 Metaspace       used 57350K, committed 58304K, reserved 1114112K
  class space    used 6185K, committed 6592K, reserved 1048576K
}
Event: 9.381 GC heap before
{Heap before GC invocations=28 (full 2):
 PSYoungGen      total 20480K, used 13298K [0x00000000eab00000, 0x00000000ec200000, 0x0000000100000000)
  eden space 19456K, 63% used [0x00000000eab00000,0x00000000eb6ff8e8,0x00000000ebe00000)
  from space 1024K, 98% used [0x00000000ebe00000,0x00000000ebefcfc0,0x00000000ebf00000)
  to   space 2048K, 0% used [0x00000000ec000000,0x00000000ec000000,0x00000000ec200000)
 ParOldGen       total 68608K, used 32166K [0x00000000c0000000, 0x00000000c4300000, 0x00000000eab00000)
  object space 68608K, 46% used [0x00000000c0000000,0x00000000c1f69878,0x00000000c4300000)
 Metaspace       used 58836K, committed 59776K, reserved 1114112K
  class space    used 6320K, committed 6720K, reserved 1048576K
}
Event: 9.383 GC heap after
{Heap after GC invocations=28 (full 2):
 PSYoungGen      total 20992K, used 1339K [0x00000000eab00000, 0x00000000ec180000, 0x0000000100000000)
  eden space 19456K, 0% used [0x00000000eab00000,0x00000000eab00000,0x00000000ebe00000)
  from space 1536K, 87% used [0x00000000ec000000,0x00000000ec14ee70,0x00000000ec180000)
  to   space 1536K, 0% used [0x00000000ebe80000,0x00000000ebe80000,0x00000000ec000000)
 ParOldGen       total 68608K, used 33168K [0x00000000c0000000, 0x00000000c4300000, 0x00000000eab00000)
  object space 68608K, 48% used [0x00000000c0000000,0x00000000c2064260,0x00000000c4300000)
 Metaspace       used 58836K, committed 59776K, reserved 1114112K
  class space    used 6320K, committed 6720K, reserved 1048576K
}
Event: 9.383 GC heap before
{Heap before GC invocations=29 (full 3):
 PSYoungGen      total 20992K, used 1339K [0x00000000eab00000, 0x00000000ec180000, 0x0000000100000000)
  eden space 19456K, 0% used [0x00000000eab00000,0x00000000eab00000,0x00000000ebe00000)
  from space 1536K, 87% used [0x00000000ec000000,0x00000000ec14ee70,0x00000000ec180000)
  to   space 1536K, 0% used [0x00000000ebe80000,0x00000000ebe80000,0x00000000ec000000)
 ParOldGen       total 68608K, used 33168K [0x00000000c0000000, 0x00000000c4300000, 0x00000000eab00000)
  object space 68608K, 48% used [0x00000000c0000000,0x00000000c2064260,0x00000000c4300000)
 Metaspace       used 58836K, committed 59776K, reserved 1114112K
  class space    used 6320K, committed 6720K, reserved 1048576K
}
Event: 9.464 GC heap after
{Heap after GC invocations=29 (full 3):
 PSYoungGen      total 20992K, used 0K [0x00000000eab00000, 0x00000000ec180000, 0x0000000100000000)
  eden space 19456K, 0% used [0x00000000eab00000,0x00000000eab00000,0x00000000ebe00000)
  from space 1536K, 0% used [0x00000000ec000000,0x00000000ec000000,0x00000000ec180000)
  to   space 1536K, 0% used [0x00000000ebe80000,0x00000000ebe80000,0x00000000ec000000)
 ParOldGen       total 68608K, used 32445K [0x00000000c0000000, 0x00000000c4300000, 0x00000000eab00000)
  object space 68608K, 47% used [0x00000000c0000000,0x00000000c1faf658,0x00000000c4300000)
 Metaspace       used 58836K, committed 59776K, reserved 1114112K
  class space    used 6320K, committed 6720K, reserved 1048576K
}
Event: 9.899 GC heap before
{Heap before GC invocations=30 (full 3):
 PSYoungGen      total 20992K, used 18965K [0x00000000eab00000, 0x00000000ec180000, 0x0000000100000000)
  eden space 19456K, 97% used [0x00000000eab00000,0x00000000ebd857c8,0x00000000ebe00000)
  from space 1536K, 0% used [0x00000000ec000000,0x00000000ec000000,0x00000000ec180000)
  to   space 1536K, 0% used [0x00000000ebe80000,0x00000000ebe80000,0x00000000ec000000)
 ParOldGen       total 68608K, used 33894K [0x00000000c0000000, 0x00000000c4300000, 0x00000000eab00000)
  object space 68608K, 49% used [0x00000000c0000000,0x00000000c2119b88,0x00000000c4300000)
 Metaspace       used 60188K, committed 61184K, reserved 1114112K
  class space    used 6438K, committed 6848K, reserved 1048576K
}
Event: 9.900 GC heap after
{Heap after GC invocations=30 (full 3):
 PSYoungGen      total 20992K, used 1521K [0x00000000eab00000, 0x00000000ec300000, 0x0000000100000000)
  eden space 19456K, 0% used [0x00000000eab00000,0x00000000eab00000,0x00000000ebe00000)
  from space 1536K, 99% used [0x00000000ebe80000,0x00000000ebffc4c0,0x00000000ec000000)
  to   space 2560K, 0% used [0x00000000ec080000,0x00000000ec080000,0x00000000ec300000)
 ParOldGen       total 68608K, used 34365K [0x00000000c0000000, 0x00000000c4300000, 0x00000000eab00000)
  object space 68608K, 50% used [0x00000000c0000000,0x00000000c218f5e8,0x00000000c4300000)
 Metaspace       used 60188K, committed 61184K, reserved 1114112K
  class space    used 6438K, committed 6848K, reserved 1048576K
}
Event: 53.345 GC heap before
{Heap before GC invocations=31 (full 3):
 PSYoungGen      total 20992K, used 20977K [0x00000000eab00000, 0x00000000ec300000, 0x0000000100000000)
  eden space 19456K, 100% used [0x00000000eab00000,0x00000000ebe00000,0x00000000ebe00000)
  from space 1536K, 99% used [0x00000000ebe80000,0x00000000ebffc4c0,0x00000000ec000000)
  to   space 2560K, 0% used [0x00000000ec080000,0x00000000ec080000,0x00000000ec300000)
 ParOldGen       total 68608K, used 34367K [0x00000000c0000000, 0x00000000c4300000, 0x00000000eab00000)
  object space 68608K, 50% used [0x00000000c0000000,0x00000000c218fdd8,0x00000000c4300000)
 Metaspace       used 61951K, committed 62912K, reserved 1114112K
  class space    used 6592K, committed 6976K, reserved 1048576K
}
Event: 53.348 GC heap after
{Heap after GC invocations=31 (full 3):
 PSYoungGen      total 19968K, used 2528K [0x00000000eab00000, 0x00000000ec700000, 0x0000000100000000)
  eden space 17408K, 0% used [0x00000000eab00000,0x00000000eab00000,0x00000000ebc00000)
  from space 2560K, 98% used [0x00000000ec080000,0x00000000ec2f8148,0x00000000ec300000)
  to   space 4608K, 0% used [0x00000000ebc00000,0x00000000ebc00000,0x00000000ec080000)
 ParOldGen       total 68608K, used 35735K [0x00000000c0000000, 0x00000000c4300000, 0x00000000eab00000)
  object space 68608K, 52% used [0x00000000c0000000,0x00000000c22e5fc8,0x00000000c4300000)
 Metaspace       used 61951K, committed 62912K, reserved 1114112K
  class space    used 6592K, committed 6976K, reserved 1048576K
}

Dll operation events (10 events):
Event: 0.010 Loaded shared library c:\Users\luizh\.vscode\extensions\redhat.java-1.18.0-win32-x64\jre\17.0.7-win32-x86_64\bin\java.dll
Event: 0.195 Loaded shared library c:\Users\luizh\.vscode\extensions\redhat.java-1.18.0-win32-x64\jre\17.0.7-win32-x86_64\bin\zip.dll
Event: 0.198 Loaded shared library C:\Users\luizh\.vscode\extensions\redhat.java-1.18.0-win32-x64\jre\17.0.7-win32-x86_64\bin\instrument.dll
Event: 0.210 Loaded shared library C:\Users\luizh\.vscode\extensions\redhat.java-1.18.0-win32-x64\jre\17.0.7-win32-x86_64\bin\net.dll
Event: 0.212 Loaded shared library C:\Users\luizh\.vscode\extensions\redhat.java-1.18.0-win32-x64\jre\17.0.7-win32-x86_64\bin\nio.dll
Event: 0.231 Loaded shared library C:\Users\luizh\.vscode\extensions\redhat.java-1.18.0-win32-x64\jre\17.0.7-win32-x86_64\bin\zip.dll
Event: 0.246 Loaded shared library C:\Users\luizh\.vscode\extensions\redhat.java-1.18.0-win32-x64\jre\17.0.7-win32-x86_64\bin\jimage.dll
Event: 0.318 Loaded shared library c:\Users\luizh\.vscode\extensions\redhat.java-1.18.0-win32-x64\jre\17.0.7-win32-x86_64\bin\verify.dll
Event: 1.497 Loaded shared library C:\Users\luizh\AppData\Roaming\Code\User\globalStorage\redhat.java\1.18.0\config_win\org.eclipse.equinox.launcher\org.eclipse.equinox.launcher.win32.win32.x86_64_1.2.700.v20221108-1024\eclipse_11801.dll
Event: 4.380 Loaded shared library C:\Users\luizh\AppData\Local\Temp\jna-103330606\jna14778326797871896541.dll

Deoptimization events (20 events):
Event: 53.550 Thread 0x0000011ab3b36a30 DEOPT PACKING pc=0x0000011aa3d1abdc sp=0x00000009bf4fdfc0
Event: 53.550 Thread 0x0000011ab3b36a30 DEOPT UNPACKING pc=0x0000011aa34a66a3 sp=0x00000009bf4fdf78 mode 2
Event: 53.550 Thread 0x0000011ab3b36a30 Uncommon trap: trap_request=0xffffffde fr.pc=0x0000011aa3d1abdc relative=0x000000000000073c
Event: 53.550 Thread 0x0000011ab3b36a30 Uncommon trap: reason=class_check action=maybe_recompile pc=0x0000011aa3d1abdc method=org.eclipse.jdt.internal.compiler.parser.Scanner.getNextToken()I @ 47 c2
Event: 53.550 Thread 0x0000011ab3b36a30 DEOPT PACKING pc=0x0000011aa3d1abdc sp=0x00000009bf4fdfc0
Event: 53.550 Thread 0x0000011ab3b36a30 DEOPT UNPACKING pc=0x0000011aa34a66a3 sp=0x00000009bf4fdf78 mode 2
Event: 53.634 Thread 0x0000011ab35fef80 Uncommon trap: trap_request=0xffffff45 fr.pc=0x0000011aa3d5ad98 relative=0x0000000000000098
Event: 53.634 Thread 0x0000011ab35fef80 Uncommon trap: reason=unstable_if action=reinterpret pc=0x0000011aa3d5ad98 method=org.eclipse.jdt.internal.compiler.ast.TypeDeclaration.kind(I)I @ 5 c2
Event: 53.634 Thread 0x0000011ab35fef80 DEOPT PACKING pc=0x0000011aa3d5ad98 sp=0x00000009be9fd640
Event: 53.634 Thread 0x0000011ab35fef80 DEOPT UNPACKING pc=0x0000011aa34a66a3 sp=0x00000009be9fd5c8 mode 2
Event: 53.677 Thread 0x0000011ab3b36a30 Uncommon trap: trap_request=0xffffffde fr.pc=0x0000011aa3b82a7c relative=0x00000000000006fc
Event: 53.677 Thread 0x0000011ab3b36a30 Uncommon trap: reason=class_check action=maybe_recompile pc=0x0000011aa3b82a7c method=java.util.regex.Pattern$StartS.match(Ljava/util/regex/Matcher;ILjava/lang/CharSequence;)Z @ 44 c2
Event: 53.677 Thread 0x0000011ab3b36a30 DEOPT PACKING pc=0x0000011aa3b82a7c sp=0x00000009bf4fe4e0
Event: 53.677 Thread 0x0000011ab3b36a30 DEOPT UNPACKING pc=0x0000011aa34a66a3 sp=0x00000009bf4fe420 mode 2
Event: 53.678 Thread 0x0000011ab3b36a30 Uncommon trap: trap_request=0xffffffde fr.pc=0x0000011aa3b82a7c relative=0x00000000000006fc
Event: 53.678 Thread 0x0000011ab3b36a30 Uncommon trap: reason=class_check action=maybe_recompile pc=0x0000011aa3b82a7c method=java.util.regex.Pattern$StartS.match(Ljava/util/regex/Matcher;ILjava/lang/CharSequence;)Z @ 44 c2
Event: 53.678 Thread 0x0000011ab3b36a30 DEOPT PACKING pc=0x0000011aa3b82a7c sp=0x00000009bf4fe4e0
Event: 53.678 Thread 0x0000011ab3b36a30 DEOPT UNPACKING pc=0x0000011aa34a66a3 sp=0x00000009bf4fe420 mode 2
Event: 53.725 Thread 0x0000011ab35fef80 DEOPT PACKING pc=0x0000011a9c981caa sp=0x00000009be9fdf50
Event: 53.725 Thread 0x0000011ab35fef80 DEOPT UNPACKING pc=0x0000011aa34a6e43 sp=0x00000009be9fd470 mode 0

Classes unloaded (7 events):
Event: 2.232 Thread 0x0000011aad099a50 Unloading class 0x0000000100216400 'java/lang/invoke/LambdaForm$MH+0x0000000100216400'
Event: 2.232 Thread 0x0000011aad099a50 Unloading class 0x0000000100216000 'java/lang/invoke/LambdaForm$MH+0x0000000100216000'
Event: 2.232 Thread 0x0000011aad099a50 Unloading class 0x0000000100215c00 'java/lang/invoke/LambdaForm$MH+0x0000000100215c00'
Event: 2.232 Thread 0x0000011aad099a50 Unloading class 0x0000000100215800 'java/lang/invoke/LambdaForm$MH+0x0000000100215800'
Event: 2.232 Thread 0x0000011aad099a50 Unloading class 0x0000000100215000 'java/lang/invoke/LambdaForm$BMH+0x0000000100215000'
Event: 2.232 Thread 0x0000011aad099a50 Unloading class 0x0000000100214c00 'java/lang/invoke/LambdaForm$DMH+0x0000000100214c00'
Event: 2.232 Thread 0x0000011aad099a50 Unloading class 0x0000000100212000 'java/lang/invoke/LambdaForm$DMH+0x0000000100212000'

Classes redefined (0 events):
No events

Internal exceptions (20 events):
Event: 8.408 Thread 0x0000011ab3601600 Exception <a 'java/io/FileNotFoundException'{0x00000000ebc50728}> (0x00000000ebc50728) 
thrown [s\src\hotspot\share\prims\jni.cpp, line 516]
Event: 8.408 Thread 0x0000011ab3601600 Exception <a 'java/io/FileNotFoundException'{0x00000000ebc51a38}> (0x00000000ebc51a38) 
thrown [s\src\hotspot\share\prims\jni.cpp, line 516]
Event: 8.423 Thread 0x0000011ab35ff920 Exception <a 'java/lang/NoSuchMethodError'{0x00000000ebcb54d8}: 'java.lang.Object java.lang.invoke.DirectMethodHandle$Holder.invokeInterface(java.lang.Object, java.lang.Object, java.lang.Object)'> (0x00000000ebcb54d8) 
thrown [s\src\hotspot\share\interpreter\linkResolver.cpp, line 759]
Event: 8.551 Thread 0x0000011ab35ff920 Exception <a 'java/io/FileNotFoundException'{0x00000000eae2f8e8}> (0x00000000eae2f8e8) 
thrown [s\src\hotspot\share\prims\jni.cpp, line 516]
Event: 8.782 Thread 0x0000011ab35ff920 Exception <a 'java/lang/NoSuchMethodError'{0x00000000eb7da168}: 'int java.lang.invoke.DirectMethodHandle$Holder.invokeStatic(java.lang.Object, java.lang.Object, java.lang.Object, int)'> (0x00000000eb7da168) 
thrown [s\src\hotspot\share\interpreter\linkResolver.cpp, line 759]
Event: 8.812 Thread 0x0000011ab35ff920 Exception <a 'java/lang/NoSuchMethodError'{0x00000000eb890c78}: 'int java.lang.invoke.DirectMethodHandle$Holder.invokeVirtual(java.lang.Object, java.lang.Object, java.lang.Object)'> (0x00000000eb890c78) 
thrown [s\src\hotspot\share\interpreter\linkResolver.cpp, line 759]
Event: 8.816 Thread 0x0000011ab35ff920 Exception <a 'java/lang/NoSuchMethodError'{0x00000000eb8b4450}: 'int java.lang.invoke.DirectMethodHandle$Holder.invokeSpecialIFC(java.lang.Object, java.lang.Object, java.lang.Object)'> (0x00000000eb8b4450) 
thrown [s\src\hotspot\share\interpreter\linkResolver.cpp, line 759]
Event: 8.853 Thread 0x0000011ab35ff920 Exception <a 'java/io/FileNotFoundException'{0x00000000eba4bb08}> (0x00000000eba4bb08) 
thrown [s\src\hotspot\share\prims\jni.cpp, line 516]
Event: 8.876 Thread 0x0000011ab35ff920 Exception <a 'java/io/FileNotFoundException'{0x00000000eba9d168}> (0x00000000eba9d168) 
thrown [s\src\hotspot\share\prims\jni.cpp, line 516]
Event: 9.376 Thread 0x0000011ab35ff920 Exception <a 'java/lang/reflect/InvocationTargetException'{0x00000000eb6a1e90}> (0x00000000eb6a1e90) 
thrown [s\src\hotspot\share\runtime\reflection.cpp, line 1121]
Event: 9.473 Thread 0x0000011ab3355f00 Exception <a 'sun/nio/fs/WindowsException'{0x00000000eab81de0}> (0x00000000eab81de0) 
thrown [s\src\hotspot\share\prims\jni.cpp, line 516]
Event: 9.473 Thread 0x0000011ab3355f00 Exception <a 'sun/nio/fs/WindowsException'{0x00000000eab821a8}> (0x00000000eab821a8) 
thrown [s\src\hotspot\share\prims\jni.cpp, line 516]
Event: 9.480 Thread 0x0000011ab35ff920 Exception <a 'java/lang/ClassNotFoundException'{0x00000000eabc2a88}: sun/util/logging/resources/spi/loggingProvider> (0x00000000eabc2a88) 
thrown [s\src\hotspot\share\classfile\systemDictionary.cpp, line 256]
Event: 9.595 Thread 0x0000011ab35fef80 Exception <a 'java/lang/ArrayIndexOutOfBoundsException'{0x00000000eb1bb400}> (0x00000000eb1bb400) 
thrown [s\src\hotspot\share\runtime\sharedRuntime.cpp, line 628]
Event: 9.645 Thread 0x0000011ab3600790 Exception <a 'java/io/FileNotFoundException'{0x00000000eb520fb0}> (0x00000000eb520fb0) 
thrown [s\src\hotspot\share\prims\jni.cpp, line 516]
Event: 53.290 Thread 0x0000011ab3b343b0 Exception <a 'java/lang/NoSuchMethodError'{0x00000000eb93aa30}: 'java.lang.Object java.lang.invoke.DirectMethodHandle$Holder.invokeStatic(java.lang.Object, int, java.lang.Object, java.lang.Object, java.lang.Object, java.lang.Object)'> (0x00000000eb93aa30) 
thrown [s\src\hotspot\share\interpreter\linkResolver.cpp, line 759]
Event: 53.480 Thread 0x0000011ab3b36090 Implicit null exception at 0x0000011aa3ca5291 to 0x0000011aa3ca5640
Event: 53.550 Thread 0x0000011ab3b36a30 Exception <a 'java/lang/ArrayIndexOutOfBoundsException'{0x00000000eb07da58}: Index 68 out of bounds for length 68> (0x00000000eb07da58) 
thrown [s\src\hotspot\share\interpreter\interpreterRuntime.cpp, line 428]
Event: 53.696 Thread 0x0000011ab3b36a30 Exception <a 'java/lang/NoSuchMethodError'{0x00000000eb67b620}: 'int java.lang.invoke.DirectMethodHandle$Holder.invokeSpecialIFC(java.lang.Object, java.lang.Object, java.lang.Object, java.lang.Object)'> (0x00000000eb67b620) 
thrown [s\src\hotspot\share\interpreter\linkResolver.cpp, line 759]
Event: 53.718 Thread 0x0000011ab35fef80 Exception <a 'java/lang/ArrayIndexOutOfBoundsException'{0x00000000eb6bf408}> (0x00000000eb6bf408) 
thrown [s\src\hotspot\share\runtime\sharedRuntime.cpp, line 628]

VM Operations (20 events):
Event: 53.538 Executing VM operation: HandshakeAllThreads
Event: 53.538 Executing VM operation: HandshakeAllThreads done
Event: 53.544 Executing VM operation: HandshakeAllThreads
Event: 53.544 Executing VM operation: HandshakeAllThreads done
Event: 53.546 Executing VM operation: HandshakeAllThreads
Event: 53.546 Executing VM operation: HandshakeAllThreads done
Event: 53.548 Executing VM operation: HandshakeAllThreads
Event: 53.549 Executing VM operation: HandshakeAllThreads done
Event: 53.610 Executing VM operation: HandshakeAllThreads
Event: 53.617 Executing VM operation: HandshakeAllThreads done
Event: 53.618 Executing VM operation: HandshakeAllThreads
Event: 53.618 Executing VM operation: HandshakeAllThreads done
Event: 53.633 Executing VM operation: HandshakeAllThreads
Event: 53.633 Executing VM operation: HandshakeAllThreads done
Event: 53.633 Executing VM operation: HandshakeAllThreads
Event: 53.633 Executing VM operation: HandshakeAllThreads done
Event: 53.726 Executing VM operation: HandshakeAllThreads
Event: 53.726 Executing VM operation: HandshakeAllThreads done
Event: 53.746 Executing VM operation: HandshakeAllThreads
Event: 53.746 Executing VM operation: HandshakeAllThreads done

Events (20 events):
Event: 53.753 Thread 0x0000011ab2366b70 flushing nmethod 0x0000011a9cacc510
Event: 53.753 Thread 0x0000011ab2366b70 flushing nmethod 0x0000011a9cadb290
Event: 53.753 Thread 0x0000011ab2366b70 flushing nmethod 0x0000011a9caee690
Event: 53.753 Thread 0x0000011ab2366b70 flushing nmethod 0x0000011a9caf5190
Event: 53.753 Thread 0x0000011ab2366b70 flushing nmethod 0x0000011a9cb12590
Event: 53.753 Thread 0x0000011ab2366b70 flushing nmethod 0x0000011a9cb4eb90
Event: 53.753 Thread 0x0000011ab2366b70 flushing nmethod 0x0000011a9cb6de10
Event: 53.753 Thread 0x0000011ab2366b70 flushing nmethod 0x0000011a9cb72510
Event: 53.753 Thread 0x0000011ab2366b70 flushing nmethod 0x0000011a9cbc8d90
Event: 53.754 Thread 0x0000011ab2366b70 flushing nmethod 0x0000011a9cbd2f10
Event: 53.754 Thread 0x0000011ab2366b70 flushing nmethod 0x0000011a9cbdc190
Event: 53.754 Thread 0x0000011ab2366b70 flushing nmethod 0x0000011a9cbdd690
Event: 53.754 Thread 0x0000011ab2366b70 flushing nmethod 0x0000011a9cbe7e10
Event: 53.754 Thread 0x0000011ab2366b70 flushing nmethod 0x0000011a9cbee910
Event: 53.754 Thread 0x0000011ab2366b70 flushing nmethod 0x0000011a9cbf0510
Event: 53.754 Thread 0x0000011ab2366b70 flushing nmethod 0x0000011a9cc11a90
Event: 53.754 Thread 0x0000011ab2366b70 flushing nmethod 0x0000011a9cc14b10
Event: 53.754 Thread 0x0000011ab2366b70 flushing nmethod 0x0000011a9cc54190
Event: 53.754 Thread 0x0000011ab2366b70 flushing nmethod 0x0000011a9cc8c690
Event: 53.754 Thread 0x0000011ab2366b70 flushing nmethod 0x0000011a9ccae610


Dynamic libraries:
0x00007ff7a1dc0000 - 0x00007ff7a1dce000 	c:\Users\luizh\.vscode\extensions\redhat.java-1.18.0-win32-x64\jre\17.0.7-win32-x86_64\bin\java.exe
0x00007ffe188b0000 - 0x00007ffe18aa8000 	C:\WINDOWS\SYSTEM32\ntdll.dll
0x00007ffe17350000 - 0x00007ffe1740f000 	C:\WINDOWS\System32\KERNEL32.DLL
0x00007ffe162d0000 - 0x00007ffe165c6000 	C:\WINDOWS\System32\KERNELBASE.dll
0x00007ffe166f0000 - 0x00007ffe167f0000 	C:\WINDOWS\System32\ucrtbase.dll
0x00007ffe0c510000 - 0x00007ffe0c527000 	c:\Users\luizh\.vscode\extensions\redhat.java-1.18.0-win32-x64\jre\17.0.7-win32-x86_64\bin\jli.dll
0x00007ffe170e0000 - 0x00007ffe1727d000 	C:\WINDOWS\System32\USER32.dll
0x00007ffe168e0000 - 0x00007ffe16902000 	C:\WINDOWS\System32\win32u.dll
0x00007ffe16910000 - 0x00007ffe1693c000 	C:\WINDOWS\System32\GDI32.dll
0x00007ffe165d0000 - 0x00007ffe166e5000 	C:\WINDOWS\System32\gdi32full.dll
0x00007ffe167f0000 - 0x00007ffe1688d000 	C:\WINDOWS\System32\msvcp_win.dll
0x00007ffe02e90000 - 0x00007ffe02ea9000 	c:\Users\luizh\.vscode\extensions\redhat.java-1.18.0-win32-x64\jre\17.0.7-win32-x86_64\bin\VCRUNTIME140.dll
0x00007ffdffcd0000 - 0x00007ffdfff6a000 	C:\WINDOWS\WinSxS\amd64_microsoft.windows.common-controls_6595b64144ccf1df_6.0.19041.1110_none_60b5254171f9507e\COMCTL32.dll
0x00007ffe16940000 - 0x00007ffe169de000 	C:\WINDOWS\System32\msvcrt.dll
0x00007ffe18670000 - 0x00007ffe186a0000 	C:\WINDOWS\System32\IMM32.DLL
0x00007ffe11c40000 - 0x00007ffe11c4c000 	c:\Users\luizh\.vscode\extensions\redhat.java-1.18.0-win32-x64\jre\17.0.7-win32-x86_64\bin\vcruntime140_1.dll
0x00007ffdf1d60000 - 0x00007ffdf1df1000 	c:\Users\luizh\.vscode\extensions\redhat.java-1.18.0-win32-x64\jre\17.0.7-win32-x86_64\bin\msvcp140.dll
0x00007ffdd5cd0000 - 0x00007ffdd6918000 	c:\Users\luizh\.vscode\extensions\redhat.java-1.18.0-win32-x64\jre\17.0.7-win32-x86_64\bin\server\jvm.dll
0x00007ffe169e0000 - 0x00007ffe16a8f000 	C:\WINDOWS\System32\ADVAPI32.dll
0x00007ffe186a0000 - 0x00007ffe1873c000 	C:\WINDOWS\System32\sechost.dll
0x00007ffe18740000 - 0x00007ffe18866000 	C:\WINDOWS\System32\RPCRT4.dll
0x00007ffe0fbb0000 - 0x00007ffe0fbb9000 	C:\WINDOWS\SYSTEM32\WSOCK32.dll
0x00007ffe18270000 - 0x00007ffe182db000 	C:\WINDOWS\System32\WS2_32.dll
0x00007ffe04430000 - 0x00007ffe04457000 	C:\WINDOWS\SYSTEM32\WINMM.dll
0x00007ffe0f300000 - 0x00007ffe0f30a000 	C:\WINDOWS\SYSTEM32\VERSION.dll
0x00007ffe13e70000 - 0x00007ffe13e82000 	C:\WINDOWS\SYSTEM32\kernel.appcore.dll
0x00007ffe0fa20000 - 0x00007ffe0fa2a000 	c:\Users\luizh\.vscode\extensions\redhat.java-1.18.0-win32-x64\jre\17.0.7-win32-x86_64\bin\jimage.dll
0x00007ffe02ae0000 - 0x00007ffe02cc4000 	C:\WINDOWS\SYSTEM32\DBGHELP.DLL
0x00007ffdfd190000 - 0x00007ffdfd1c4000 	C:\WINDOWS\SYSTEM32\dbgcore.DLL
0x00007ffe160f0000 - 0x00007ffe16172000 	C:\WINDOWS\System32\bcryptPrimitives.dll
0x00007ffe0cdc0000 - 0x00007ffe0cdce000 	c:\Users\luizh\.vscode\extensions\redhat.java-1.18.0-win32-x64\jre\17.0.7-win32-x86_64\bin\instrument.dll
0x00007ffdfe990000 - 0x00007ffdfe9b5000 	c:\Users\luizh\.vscode\extensions\redhat.java-1.18.0-win32-x64\jre\17.0.7-win32-x86_64\bin\java.dll
0x00007ffdffa30000 - 0x00007ffdffa48000 	c:\Users\luizh\.vscode\extensions\redhat.java-1.18.0-win32-x64\jre\17.0.7-win32-x86_64\bin\zip.dll
0x00007ffe17b20000 - 0x00007ffe18264000 	C:\WINDOWS\System32\SHELL32.dll
0x00007ffe14070000 - 0x00007ffe14803000 	C:\WINDOWS\SYSTEM32\windows.storage.dll
0x00007ffe17710000 - 0x00007ffe17a64000 	C:\WINDOWS\System32\combase.dll
0x00007ffe15910000 - 0x00007ffe1593e000 	C:\WINDOWS\SYSTEM32\Wldp.dll
0x00007ffe17a70000 - 0x00007ffe17b1d000 	C:\WINDOWS\System32\SHCORE.dll
0x00007ffe17500000 - 0x00007ffe17555000 	C:\WINDOWS\System32\shlwapi.dll
0x00007ffe15ed0000 - 0x00007ffe15eef000 	C:\WINDOWS\SYSTEM32\profapi.dll
0x00007ffdfe900000 - 0x00007ffdfe919000 	C:\Users\luizh\.vscode\extensions\redhat.java-1.18.0-win32-x64\jre\17.0.7-win32-x86_64\bin\net.dll
0x00007ffe0e090000 - 0x00007ffe0e19a000 	C:\WINDOWS\SYSTEM32\WINHTTP.dll
0x00007ffe15670000 - 0x00007ffe156da000 	C:\WINDOWS\system32\mswsock.dll
0x00007ffdfdd80000 - 0x00007ffdfdd95000 	C:\Users\luizh\.vscode\extensions\redhat.java-1.18.0-win32-x64\jre\17.0.7-win32-x86_64\bin\nio.dll
0x00007ffdfe980000 - 0x00007ffdfe990000 	c:\Users\luizh\.vscode\extensions\redhat.java-1.18.0-win32-x64\jre\17.0.7-win32-x86_64\bin\verify.dll
0x00007ffdfc070000 - 0x00007ffdfc0ae000 	C:\Users\luizh\AppData\Roaming\Code\User\globalStorage\redhat.java\1.18.0\config_win\org.eclipse.equinox.launcher\org.eclipse.equinox.launcher.win32.win32.x86_64_1.2.700.v20221108-1024\eclipse_11801.dll
0x00007ffe18390000 - 0x00007ffe184ba000 	C:\WINDOWS\System32\ole32.dll
0x00007ffe15860000 - 0x00007ffe15878000 	C:\WINDOWS\SYSTEM32\CRYPTSP.dll
0x00007ffe14f90000 - 0x00007ffe14fc4000 	C:\WINDOWS\system32\rsaenh.dll
0x00007ffe16180000 - 0x00007ffe161a7000 	C:\WINDOWS\System32\bcrypt.dll
0x00007ffe15e50000 - 0x00007ffe15e7e000 	C:\WINDOWS\SYSTEM32\USERENV.dll
0x00007ffe15880000 - 0x00007ffe1588c000 	C:\WINDOWS\SYSTEM32\CRYPTBASE.dll
0x00007ffe15360000 - 0x00007ffe1539c000 	C:\WINDOWS\SYSTEM32\IPHLPAPI.DLL
0x00007ffe174f0000 - 0x00007ffe174f8000 	C:\WINDOWS\System32\NSI.dll
0x00007ffe0f550000 - 0x00007ffe0f567000 	C:\WINDOWS\SYSTEM32\dhcpcsvc6.DLL
0x00007ffe0f530000 - 0x00007ffe0f54d000 	C:\WINDOWS\SYSTEM32\dhcpcsvc.DLL
0x00007ffe153a0000 - 0x00007ffe1546b000 	C:\WINDOWS\SYSTEM32\DNSAPI.dll
0x00007ffdf95c0000 - 0x00007ffdf9605000 	C:\Users\luizh\AppData\Local\Temp\jna-103330606\jna14778326797871896541.dll
0x00007ffe16b60000 - 0x00007ffe16b68000 	C:\WINDOWS\System32\PSAPI.DLL

dbghelp: loaded successfully - version: 4.0.5 - missing functions: none
symbol engine: initialized successfully - sym options: 0x614 - pdb path: .;c:\Users\luizh\.vscode\extensions\redhat.java-1.18.0-win32-x64\jre\17.0.7-win32-x86_64\bin;C:\WINDOWS\SYSTEM32;C:\WINDOWS\WinSxS\amd64_microsoft.windows.common-controls_6595b64144ccf1df_6.0.19041.1110_none_60b5254171f9507e;c:\Users\luizh\.vscode\extensions\redhat.java-1.18.0-win32-x64\jre\17.0.7-win32-x86_64\bin\server;C:\Users\luizh\AppData\Roaming\Code\User\globalStorage\redhat.java\1.18.0\config_win\org.eclipse.equinox.launcher\org.eclipse.equinox.launcher.win32.win32.x86_64_1.2.700.v20221108-1024;C:\Users\luizh\AppData\Local\Temp\jna-103330606

VM Arguments:
jvm_args: --add-modules=ALL-SYSTEM --add-opens=java.base/java.util=ALL-UNNAMED --add-opens=java.base/java.lang=ALL-UNNAMED --add-opens=java.base/sun.nio.fs=ALL-UNNAMED -Declipse.application=org.eclipse.jdt.ls.core.id1 -Dosgi.bundles.defaultStartLevel=4 -Declipse.product=org.eclipse.jdt.ls.core.product -Djava.import.generatesMetadataFilesAtProjectRoot=false -Dfile.encoding=utf8 -XX:+UseParallelGC -XX:GCTimeRatio=4 -XX:AdaptiveSizePolicyWeight=90 -Dsun.zip.disableMemoryMapping=true -Xmx1G -Xms100m -Xlog:disable -javaagent:c:\Users\luizh\.vscode\extensions\redhat.java-1.18.0-win32-x64\lombok\lombok-1.18.27.jar -XX:+HeapDumpOnOutOfMemoryError -XX:HeapDumpPath=c:\Users\luizh\AppData\Roaming\Code\User\workspaceStorage\afa5d3aafe679fbd6b7bf107e34e3107\redhat.java -Daether.dependencyCollector.impl=bf 
java_command: c:\Users\luizh\.vscode\extensions\redhat.java-1.18.0-win32-x64\server\plugins\org.eclipse.equinox.launcher_1.6.400.v20210924-0641.jar -configuration c:\Users\luizh\AppData\Roaming\Code\User\globalStorage\redhat.java\1.18.0\config_win -data c:\Users\luizh\AppData\Roaming\Code\User\workspaceStorage\afa5d3aafe679fbd6b7bf107e34e3107\redhat.java\jdt_ws
java_class_path (initial): c:\Users\luizh\.vscode\extensions\redhat.java-1.18.0-win32-x64\server\plugins\org.eclipse.equinox.launcher_1.6.400.v20210924-0641.jar
Launcher Type: SUN_STANDARD

[Global flags]
    uintx AdaptiveSizePolicyWeight                 = 90                                        {product} {command line}
     intx CICompilerCount                          = 3                                         {product} {ergonomic}
    uintx GCTimeRatio                              = 4                                         {product} {command line}
     bool HeapDumpOnOutOfMemoryError               = true                                   {manageable} {command line}
    ccstr HeapDumpPath                             = c:\Users\luizh\AppData\Roaming\Code\User\workspaceStorage\afa5d3aafe679fbd6b7bf107e34e3107\redhat.java         {manageable} {command line}
   size_t InitialHeapSize                          = 104857600                                 {product} {command line}
   size_t MaxHeapSize                              = 1073741824                                {product} {command line}
   size_t MaxNewSize                               = 357564416                                 {product} {ergonomic}
   size_t MinHeapDeltaBytes                        = 524288                                    {product} {ergonomic}
   size_t MinHeapSize                              = 104857600                                 {product} {command line}
   size_t NewSize                                  = 34603008                                  {product} {ergonomic}
    uintx NonNMethodCodeHeapSize                   = 5832780                                {pd product} {ergonomic}
    uintx NonProfiledCodeHeapSize                  = 122912730                              {pd product} {ergonomic}
   size_t OldSize                                  = 70254592                                  {product} {ergonomic}
    uintx ProfiledCodeHeapSize                     = 122912730                              {pd product} {ergonomic}
    uintx ReservedCodeCacheSize                    = 251658240                              {pd product} {ergonomic}
     bool SegmentedCodeCache                       = true                                      {product} {ergonomic}
   size_t SoftMaxHeapSize                          = 1073741824                             {manageable} {ergonomic}
     bool UseCompressedClassPointers               = true                           {product lp64_product} {ergonomic}
     bool UseCompressedOops                        = true                           {product lp64_product} {ergonomic}
     bool UseLargePagesIndividualAllocation        = false                                  {pd product} {ergonomic}
     bool UseParallelGC                            = true                                      {product} {command line}

Logging:
Log output configuration:
 #0: stdout all=off uptime,level,tags
 #1: stderr all=off uptime,level,tags

Environment Variables:
PATH=C:\Program Files\Common Files\Oracle\Java\javapath;C:\WINDOWS\system32;C:\WINDOWS;C:\WINDOWS\System32\Wbem;C:\WINDOWS\System32\WindowsPowerShell\v1.0\;C:\WINDOWS\System32\OpenSSH\;C:\Program Files\Git\cmd;C:\Program Files\dotnet\;C:\Program Files\CMake\bin;C:\Program Files\NVIDIA Corporation\NVIDIA NvDLISR;C:\Program Files (x86)\NVIDIA Corporation\PhysX\Common;C:\Users\luizh\AppData\Local\Microsoft\WindowsApps;
USERNAME=luizh
OS=Windows_NT
PROCESSOR_IDENTIFIER=Intel64 Family 6 Model 94 Stepping 3, GenuineIntel
TMP=C:\Users\luizh\AppData\Local\Temp
TEMP=C:\Users\luizh\AppData\Local\Temp



---------------  S Y S T E M  ---------------

OS:
 Windows 10 , 64 bit Build 19041 (10.0.19041.2913)
OS uptime: 0 days 1:55 hours

CPU: total 4 (initial active 4) (4 cores per cpu, 1 threads per core) family 6 model 94 stepping 3 microcode 0xcc, cx8, cmov, fxsr, mmx, 3dnowpref, sse, sse2, sse3, ssse3, sse4.1, sse4.2, popcnt, lzcnt, tsc, tscinvbit, avx, avx2, aes, erms, clmul, bmi1, bmi2, rtm, adx, fma, vzeroupper, clflush, clflushopt

Memory: 4k page, system-wide physical 8150M (3412M free)
TotalPageFile size 18902M (AvailPageFile size 11022M)
current process WorkingSet (physical memory assigned to process): 250M, peak: 258M
current process commit charge ("private bytes"): 316M, peak: 325M

vm_info: OpenJDK 64-Bit Server VM (17.0.7+7) for windows-amd64 JRE (17.0.7+7), built on Apr 18 2023 22:10:42 by "temurin" with MS VC++ 16.7 (VS2019)

END.
